{"message":"[ApiService] [API ERROR] Exception","stack":"Error: connect ECONNREFUSED 127.0.0.1:3001\n    at Object._errnoException (util.js:1022:11)\n    at _exceptionWithHostPort (util.js:1044:20)\n    at TCPConnectWrap.afterConnect [as oncomplete] (net.js:1182:14)","code":"ECONNREFUSED","errno":"ECONNREFUSED","syscall":"connect","address":"127.0.0.1","port":3001,"config":{"transformRequest":{},"transformResponse":{},"timeout":0,"xsrfCookieName":"XSRF-TOKEN","xsrfHeaderName":"X-XSRF-TOKEN","maxContentLength":-1,"headers":{"Accept":"application/json, text/plain, */*","Content-Type":"application/json; charset=UTF-8","User-Agent":"axios/0.18.0","Content-Length":2},"method":"get","url":"http://localhost:3001/manifest.dev.json","data":"{}"},"request":{"_writableState":{"objectMode":false,"highWaterMark":16384,"finalCalled":false,"needDrain":false,"ending":false,"ended":false,"finished":false,"destroyed":false,"decodeStrings":true,"defaultEncoding":"utf8","length":0,"writing":false,"corked":0,"sync":true,"bufferProcessing":false,"writecb":null,"writelen":0,"bufferedRequest":null,"lastBufferedRequest":null,"pendingcb":0,"prefinished":false,"errorEmitted":false,"bufferedRequestCount":0,"corkedRequestsFree":{"next":null,"entry":null}},"writable":true,"domain":null,"_events":{},"_eventsCount":2,"_options":{"protocol":"http:","maxRedirects":21,"maxBodyLength":10485760,"path":"/manifest.dev.json","method":"get","headers":{"$ref":"$[\"config\"][\"headers\"]"},"hostname":"localhost","port":"3001","nativeProtocols":{"http:":{"METHODS":["ACL","BIND","CHECKOUT","CONNECT","COPY","DELETE","GET","HEAD","LINK","LOCK","M-SEARCH","MERGE","MKACTIVITY","MKCALENDAR","MKCOL","MOVE","NOTIFY","OPTIONS","PATCH","POST","PROPFIND","PROPPATCH","PURGE","PUT","REBIND","REPORT","SEARCH","SUBSCRIBE","TRACE","UNBIND","UNLINK","UNLOCK","UNSUBSCRIBE"],"STATUS_CODES":{"100":"Continue","101":"Switching Protocols","102":"Processing","200":"OK","201":"Created","202":"Accepted","203":"Non-Authoritative Information","204":"No Content","205":"Reset Content","206":"Partial Content","207":"Multi-Status","208":"Already Reported","226":"IM Used","300":"Multiple Choices","301":"Moved Permanently","302":"Found","303":"See Other","304":"Not Modified","305":"Use Proxy","307":"Temporary Redirect","308":"Permanent Redirect","400":"Bad Request","401":"Unauthorized","402":"Payment Required","403":"Forbidden","404":"Not Found","405":"Method Not Allowed","406":"Not Acceptable","407":"Proxy Authentication Required","408":"Request Timeout","409":"Conflict","410":"Gone","411":"Length Required","412":"Precondition Failed","413":"Payload Too Large","414":"URI Too Long","415":"Unsupported Media Type","416":"Range Not Satisfiable","417":"Expectation Failed","418":"I'm a teapot","421":"Misdirected Request","422":"Unprocessable Entity","423":"Locked","424":"Failed Dependency","425":"Unordered Collection","426":"Upgrade Required","428":"Precondition Required","429":"Too Many Requests","431":"Request Header Fields Too Large","451":"Unavailable For Legal Reasons","500":"Internal Server Error","501":"Not Implemented","502":"Bad Gateway","503":"Service Unavailable","504":"Gateway Timeout","505":"HTTP Version Not Supported","506":"Variant Also Negotiates","507":"Insufficient Storage","508":"Loop Detected","509":"Bandwidth Limit Exceeded","510":"Not Extended","511":"Network Authentication Required"},"globalAgent":{"domain":null,"_events":{},"_eventsCount":1,"defaultPort":80,"protocol":"http:","options":{"path":null},"requests":{},"sockets":{"localhost:3001:":[{"connecting":false,"_hadError":true,"_handle":null,"_parent":null,"_host":"localhost","_readableState":{"objectMode":false,"highWaterMark":16384,"buffer":{"head":null,"tail":null,"length":0},"length":0,"pipes":null,"pipesCount":0,"flowing":true,"ended":false,"endEmitted":false,"reading":true,"sync":false,"needReadable":true,"emittedReadable":false,"readableListening":false,"resumeScheduled":false,"destroyed":true,"defaultEncoding":"utf8","awaitDrain":0,"readingMore":false,"decoder":null,"encoding":null},"readable":false,"domain":null,"_events":{"connect":[null,null,null],"close":[null,null]},"_eventsCount":9,"_writableState":{"objectMode":false,"highWaterMark":16384,"finalCalled":false,"needDrain":false,"ending":false,"ended":false,"finished":false,"destroyed":true,"decodeStrings":false,"defaultEncoding":"utf8","length":213,"writing":true,"corked":0,"sync":false,"bufferProcessing":false,"writelen":213,"bufferedRequest":null,"lastBufferedRequest":null,"pendingcb":3,"prefinished":false,"errorEmitted":true,"bufferedRequestCount":0,"corkedRequestsFree":{"next":null,"entry":null}},"writable":false,"allowHalfOpen":false,"_bytesDispatched":0,"_sockname":null,"_pendingData":[{"chunk":"GET /manifest.dev.json HTTP/1.1\r\nAccept: application/json, text/plain, */*\r\nContent-Type: application/json; charset=UTF-8\r\nUser-Agent: axios/0.18.0\r\nContent-Length: 2\r\nHost: localhost:3001\r\nConnection: close\r\n\r\n","encoding":"latin1","isBuf":false,"next":{"chunk":{"0":123,"1":125},"encoding":"buffer","isBuf":true,"next":null}},{"$ref":"$[\"request\"][\"_options\"][\"nativeProtocols\"][\"http:\"][\"globalAgent\"][\"sockets\"][\"localhost:3001:\"][0][\"_pendingData\"][0][\"next\"]"}],"_pendingEncoding":"","server":null,"_server":null,"parser":null,"_httpMessage":{"domain":null,"_events":{},"_eventsCount":6,"output":[],"outputEncodings":[],"outputCallbacks":[],"outputSize":0,"writable":true,"_last":true,"upgrading":false,"chunkedEncoding":false,"shouldKeepAlive":false,"useChunkedEncodingByDefault":false,"sendDate":false,"_removedConnection":false,"_removedContLen":false,"_removedTE":false,"_contentLength":null,"_hasBody":true,"_trailer":"","finished":false,"_headerSent":true,"socket":{"$ref":"$[\"request\"][\"_options\"][\"nativeProtocols\"][\"http:\"][\"globalAgent\"][\"sockets\"][\"localhost:3001:\"][0]"},"connection":{"$ref":"$[\"request\"][\"_options\"][\"nativeProtocols\"][\"http:\"][\"globalAgent\"][\"sockets\"][\"localhost:3001:\"][0]"},"_header":"GET /manifest.dev.json HTTP/1.1\r\nAccept: application/json, text/plain, */*\r\nContent-Type: application/json; charset=UTF-8\r\nUser-Agent: axios/0.18.0\r\nContent-Length: 2\r\nHost: localhost:3001\r\nConnection: close\r\n\r\n","agent":{"$ref":"$[\"request\"][\"_options\"][\"nativeProtocols\"][\"http:\"][\"globalAgent\"]"},"method":"GET","path":"/manifest.dev.json","_ended":false,"res":null,"timeoutCb":null,"upgradeOrConnect":false,"parser":null,"maxHeadersCount":null,"_redirectable":{"$ref":"$[\"request\"]"}},"_consuming":true,"_idleNext":null,"_idlePrev":null,"_idleTimeout":-1}]},"freeSockets":{},"keepAliveMsecs":1000,"keepAlive":false,"maxSockets":null,"maxFreeSockets":256},"__whatap_observe__":true},"https:":{"globalAgent":{"domain":null,"_events":{},"_eventsCount":1,"defaultPort":443,"protocol":"https:","options":{"path":null},"requests":{},"sockets":{},"freeSockets":{},"keepAliveMsecs":1000,"keepAlive":false,"maxSockets":null,"maxFreeSockets":256,"maxCachedSessions":100,"_sessionCache":{"map":{},"list":[]}},"__whatap_observe__":true}},"pathname":"/manifest.dev.json"},"_redirectCount":0,"_redirects":[],"_requestBodyLength":2,"_requestBodyBuffers":[{"data":{"$ref":"$[\"request\"][\"_options\"][\"nativeProtocols\"][\"http:\"][\"globalAgent\"][\"sockets\"][\"localhost:3001:\"][0][\"_pendingData\"][0][\"next\"][\"chunk\"]"}}],"_currentRequest":{"$ref":"$[\"request\"][\"_options\"][\"nativeProtocols\"][\"http:\"][\"globalAgent\"][\"sockets\"][\"localhost:3001:\"][0][\"_httpMessage\"]"},"_currentUrl":"http://localhost:3001/manifest.dev.json"},"level":"error","timestamp":"12:44:29"}
{"traceId":"cb6bb0fa4b390e07","spanId":"cb6bb0fa4b390e07","clientDebugMessage":"cb6bb0fa4b390e07*","msg":"오류 입니다.","orgDebugMessage":"Missing request header 'T-SvcMgmtNum' for method parameter of type String","hostname":"bff-spring-mobile-75bf497cf6-hgnhh","code":"COM0001","orgHostname":"core-recharge-5b954889f8-dfrh7","orgAppName":"core-recharge","appName":"bff-spring-mobile","orgSpanId":"f72e366f5fadbc9e","debugMessage":"400 ","level":"error","message":"[ApiService] [API ERROR]","timestamp":"12:48:32"}
{"level":"error","message":"[App] benefit benefit-94915c69a8.min.js","timestamp":"12:49:11"}
{"level":"error","message":"[App] common common-14bf865b57.min.js","timestamp":"12:49:11"}
{"level":"error","message":"[App] style style-a509258cbd.min.css","timestamp":"12:49:11"}
{"level":"error","message":"[App] customer customer-8ad0acd71d.min.js","timestamp":"12:49:11"}
{"level":"error","message":"[App] script script-01c1568125.min.js","timestamp":"12:49:11"}
{"level":"error","message":"[App] main main-4804cee2da.min.js","timestamp":"12:49:11"}
{"level":"error","message":"[App] membership membership-b3a3defa3d.min.js","timestamp":"12:49:11"}
{"level":"error","message":"[App] mytdata myt-data-ed597ae95c.min.js","timestamp":"12:49:11"}
{"level":"error","message":"[App] mytfare myt-fare-d7af469592.min.js","timestamp":"12:49:11"}
{"level":"error","message":"[App] mytjoin myt-join-8cff3d2f39.min.js","timestamp":"12:49:11"}
{"level":"error","message":"[App] product product-e5faf8d435.min.js","timestamp":"12:49:11"}
{"level":"error","message":"[App] testold testold-d442b6a124.min.js","timestamp":"12:49:11"}
{"level":"error","message":"[App] tevent tevent-2206ad10ef.min.js","timestamp":"12:49:11"}
{"level":"error","message":"[App] util util-80e18623e5.min.js","timestamp":"12:49:11"}
{"traceId":"96bb0c3b424f8b0f","spanId":"96bb0c3b424f8b0f","clientDebugMessage":"96bb0c3b424f8b0f*","msg":"오류 입니다.","orgDebugMessage":"Missing request header 'T-SvcMgmtNum' for method parameter of type String","hostname":"bff-spring-mobile-75bf497cf6-f48kd","code":"COM0001","orgHostname":"core-recharge-5b954889f8-n9crt","orgAppName":"core-recharge","appName":"bff-spring-mobile","orgSpanId":"15c14ce6b366a45e","debugMessage":"400 ","level":"error","message":"[ApiService] [API ERROR]","timestamp":"12:49:22"}
{"traceId":"fbba74625b4504e5","spanId":"fbba74625b4504e5","clientDebugMessage":"fbba74625b4504e5*","msg":"오류 입니다.","orgDebugMessage":"Missing request header 'T-SvcMgmtNum' for method parameter of type String","hostname":"bff-spring-mobile-75bf497cf6-f48kd","code":"COM0001","orgHostname":"core-recharge-5b954889f8-n9crt","orgAppName":"core-recharge","appName":"bff-spring-mobile","orgSpanId":"204efec95da66de1","debugMessage":"400 ","level":"error","message":"[ApiService] [API ERROR]","timestamp":"12:50:39"}
{"level":"error","message":"[App] benefit benefit-94915c69a8.min.js","timestamp":"12:52:19"}
{"level":"error","message":"[App] common common-14bf865b57.min.js","timestamp":"12:52:19"}
{"level":"error","message":"[App] style style-a509258cbd.min.css","timestamp":"12:52:19"}
{"level":"error","message":"[App] customer customer-8ad0acd71d.min.js","timestamp":"12:52:19"}
{"level":"error","message":"[App] script script-01c1568125.min.js","timestamp":"12:52:19"}
{"level":"error","message":"[App] main main-4804cee2da.min.js","timestamp":"12:52:19"}
{"level":"error","message":"[App] membership membership-b3a3defa3d.min.js","timestamp":"12:52:19"}
{"level":"error","message":"[App] mytdata myt-data-ed597ae95c.min.js","timestamp":"12:52:19"}
{"level":"error","message":"[App] mytfare myt-fare-d7af469592.min.js","timestamp":"12:52:19"}
{"level":"error","message":"[App] mytjoin myt-join-8cff3d2f39.min.js","timestamp":"12:52:19"}
{"level":"error","message":"[App] product product-e5faf8d435.min.js","timestamp":"12:52:19"}
{"level":"error","message":"[App] testold testold-d442b6a124.min.js","timestamp":"12:52:19"}
{"level":"error","message":"[App] tevent tevent-2206ad10ef.min.js","timestamp":"12:52:19"}
{"level":"error","message":"[App] util util-80e18623e5.min.js","timestamp":"12:52:19"}
{"code":"BFF0008","msg":"업무인증이 필요합니다.","result":{"authClCd":"P","mobileWeb":{"opAuthMethods":"S","optAuthMethods":"N"},"mobileApp":{"opAuthMethods":"S"}},"level":"error","message":"[ApiService] [API ERROR]","timestamp":"12:54:22"}
{"code":"BFF0008","msg":"업무인증이 필요합니다.","result":{"authClCd":"P","mobileWeb":{"opAuthMethods":"S","optAuthMethods":"N"},"mobileApp":{"opAuthMethods":"S"}},"level":"error","message":"[ApiService] [API ERROR]","timestamp":"12:54:35"}
{"level":"error","message":"[App] benefit benefit-94915c69a8.min.js","timestamp":"12:55:08"}
{"level":"error","message":"[App] common common-14bf865b57.min.js","timestamp":"12:55:08"}
{"level":"error","message":"[App] style style-a509258cbd.min.css","timestamp":"12:55:08"}
{"level":"error","message":"[App] customer customer-8ad0acd71d.min.js","timestamp":"12:55:08"}
{"level":"error","message":"[App] script script-01c1568125.min.js","timestamp":"12:55:08"}
{"level":"error","message":"[App] main main-4804cee2da.min.js","timestamp":"12:55:08"}
{"level":"error","message":"[App] membership membership-b3a3defa3d.min.js","timestamp":"12:55:08"}
{"level":"error","message":"[App] mytdata myt-data-ed597ae95c.min.js","timestamp":"12:55:08"}
{"level":"error","message":"[App] mytfare myt-fare-d7af469592.min.js","timestamp":"12:55:08"}
{"level":"error","message":"[App] mytjoin myt-join-8cff3d2f39.min.js","timestamp":"12:55:08"}
{"level":"error","message":"[App] product product-e5faf8d435.min.js","timestamp":"12:55:08"}
{"level":"error","message":"[App] testold testold-d442b6a124.min.js","timestamp":"12:55:08"}
{"level":"error","message":"[App] tevent tevent-2206ad10ef.min.js","timestamp":"12:55:08"}
{"level":"error","message":"[App] util util-80e18623e5.min.js","timestamp":"12:55:08"}
{"level":"error","message":"[App] benefit benefit-94915c69a8.min.js","timestamp":"12:55:17"}
{"level":"error","message":"[App] common common-14bf865b57.min.js","timestamp":"12:55:17"}
{"level":"error","message":"[App] style style-a509258cbd.min.css","timestamp":"12:55:17"}
{"level":"error","message":"[App] customer customer-8ad0acd71d.min.js","timestamp":"12:55:17"}
{"level":"error","message":"[App] script script-01c1568125.min.js","timestamp":"12:55:17"}
{"level":"error","message":"[App] main main-4804cee2da.min.js","timestamp":"12:55:17"}
{"level":"error","message":"[App] membership membership-b3a3defa3d.min.js","timestamp":"12:55:17"}
{"level":"error","message":"[App] mytdata myt-data-ed597ae95c.min.js","timestamp":"12:55:17"}
{"level":"error","message":"[App] mytfare myt-fare-d7af469592.min.js","timestamp":"12:55:17"}
{"level":"error","message":"[App] mytjoin myt-join-8cff3d2f39.min.js","timestamp":"12:55:17"}
{"level":"error","message":"[App] product product-e5faf8d435.min.js","timestamp":"12:55:17"}
{"level":"error","message":"[App] testold testold-d442b6a124.min.js","timestamp":"12:55:17"}
{"level":"error","message":"[App] tevent tevent-2206ad10ef.min.js","timestamp":"12:55:17"}
{"level":"error","message":"[App] util util-80e18623e5.min.js","timestamp":"12:55:17"}
{"level":"error","message":"[App] benefit benefit-94915c69a8.min.js","timestamp":"12:56:03"}
{"level":"error","message":"[App] common common-14bf865b57.min.js","timestamp":"12:56:03"}
{"level":"error","message":"[App] style style-a509258cbd.min.css","timestamp":"12:56:03"}
{"level":"error","message":"[App] customer customer-8ad0acd71d.min.js","timestamp":"12:56:03"}
{"level":"error","message":"[App] script script-01c1568125.min.js","timestamp":"12:56:03"}
{"level":"error","message":"[App] main main-4804cee2da.min.js","timestamp":"12:56:03"}
{"level":"error","message":"[App] membership membership-b3a3defa3d.min.js","timestamp":"12:56:03"}
{"level":"error","message":"[App] mytdata myt-data-ed597ae95c.min.js","timestamp":"12:56:03"}
{"level":"error","message":"[App] mytfare myt-fare-d7af469592.min.js","timestamp":"12:56:03"}
{"level":"error","message":"[App] mytjoin myt-join-8cff3d2f39.min.js","timestamp":"12:56:03"}
{"level":"error","message":"[App] product product-e5faf8d435.min.js","timestamp":"12:56:03"}
{"level":"error","message":"[App] testold testold-d442b6a124.min.js","timestamp":"12:56:03"}
{"level":"error","message":"[App] tevent tevent-2206ad10ef.min.js","timestamp":"12:56:03"}
{"level":"error","message":"[App] util util-80e18623e5.min.js","timestamp":"12:56:03"}
{"level":"error","message":"[App] benefit benefit-94915c69a8.min.js","timestamp":"12:56:20"}
{"level":"error","message":"[App] common common-14bf865b57.min.js","timestamp":"12:56:20"}
{"level":"error","message":"[App] style style-a509258cbd.min.css","timestamp":"12:56:20"}
{"level":"error","message":"[App] customer customer-8ad0acd71d.min.js","timestamp":"12:56:20"}
{"level":"error","message":"[App] script script-01c1568125.min.js","timestamp":"12:56:20"}
{"level":"error","message":"[App] main main-4804cee2da.min.js","timestamp":"12:56:20"}
{"level":"error","message":"[App] membership membership-b3a3defa3d.min.js","timestamp":"12:56:20"}
{"level":"error","message":"[App] mytdata myt-data-ed597ae95c.min.js","timestamp":"12:56:20"}
{"level":"error","message":"[App] mytfare myt-fare-d7af469592.min.js","timestamp":"12:56:20"}
{"level":"error","message":"[App] mytjoin myt-join-8cff3d2f39.min.js","timestamp":"12:56:20"}
{"level":"error","message":"[App] product product-e5faf8d435.min.js","timestamp":"12:56:20"}
{"level":"error","message":"[App] testold testold-d442b6a124.min.js","timestamp":"12:56:20"}
{"level":"error","message":"[App] tevent tevent-2206ad10ef.min.js","timestamp":"12:56:20"}
{"level":"error","message":"[App] util util-80e18623e5.min.js","timestamp":"12:56:20"}
{"level":"error","message":"[App] benefit benefit-94915c69a8.min.js","timestamp":"12:56:28"}
{"level":"error","message":"[App] common common-14bf865b57.min.js","timestamp":"12:56:28"}
{"level":"error","message":"[App] style style-a509258cbd.min.css","timestamp":"12:56:28"}
{"level":"error","message":"[App] customer customer-8ad0acd71d.min.js","timestamp":"12:56:28"}
{"level":"error","message":"[App] script script-01c1568125.min.js","timestamp":"12:56:28"}
{"level":"error","message":"[App] main main-4804cee2da.min.js","timestamp":"12:56:28"}
{"level":"error","message":"[App] membership membership-b3a3defa3d.min.js","timestamp":"12:56:28"}
{"level":"error","message":"[App] mytdata myt-data-ed597ae95c.min.js","timestamp":"12:56:28"}
{"level":"error","message":"[App] mytfare myt-fare-d7af469592.min.js","timestamp":"12:56:28"}
{"level":"error","message":"[App] mytjoin myt-join-8cff3d2f39.min.js","timestamp":"12:56:28"}
{"level":"error","message":"[App] product product-e5faf8d435.min.js","timestamp":"12:56:28"}
{"level":"error","message":"[App] testold testold-d442b6a124.min.js","timestamp":"12:56:28"}
{"level":"error","message":"[App] tevent tevent-2206ad10ef.min.js","timestamp":"12:56:28"}
{"level":"error","message":"[App] util util-80e18623e5.min.js","timestamp":"12:56:28"}
{"level":"error","message":"[App] benefit benefit-94915c69a8.min.js","timestamp":"12:56:46"}
{"level":"error","message":"[App] common common-14bf865b57.min.js","timestamp":"12:56:46"}
{"level":"error","message":"[App] style style-a509258cbd.min.css","timestamp":"12:56:46"}
{"level":"error","message":"[App] customer customer-8ad0acd71d.min.js","timestamp":"12:56:46"}
{"level":"error","message":"[App] script script-01c1568125.min.js","timestamp":"12:56:46"}
{"level":"error","message":"[App] main main-4804cee2da.min.js","timestamp":"12:56:46"}
{"level":"error","message":"[App] membership membership-b3a3defa3d.min.js","timestamp":"12:56:46"}
{"level":"error","message":"[App] mytdata myt-data-ed597ae95c.min.js","timestamp":"12:56:46"}
{"level":"error","message":"[App] mytfare myt-fare-d7af469592.min.js","timestamp":"12:56:46"}
{"level":"error","message":"[App] mytjoin myt-join-8cff3d2f39.min.js","timestamp":"12:56:46"}
{"level":"error","message":"[App] product product-e5faf8d435.min.js","timestamp":"12:56:46"}
{"level":"error","message":"[App] testold testold-d442b6a124.min.js","timestamp":"12:56:46"}
{"level":"error","message":"[App] tevent tevent-2206ad10ef.min.js","timestamp":"12:56:46"}
{"level":"error","message":"[App] util util-80e18623e5.min.js","timestamp":"12:56:46"}
{"level":"error","message":"[App] benefit benefit-94915c69a8.min.js","timestamp":"12:57:02"}
{"level":"error","message":"[App] common common-14bf865b57.min.js","timestamp":"12:57:02"}
{"level":"error","message":"[App] style style-a509258cbd.min.css","timestamp":"12:57:02"}
{"level":"error","message":"[App] customer customer-8ad0acd71d.min.js","timestamp":"12:57:02"}
{"level":"error","message":"[App] script script-01c1568125.min.js","timestamp":"12:57:02"}
{"level":"error","message":"[App] main main-4804cee2da.min.js","timestamp":"12:57:02"}
{"level":"error","message":"[App] membership membership-b3a3defa3d.min.js","timestamp":"12:57:02"}
{"level":"error","message":"[App] mytdata myt-data-ed597ae95c.min.js","timestamp":"12:57:02"}
{"level":"error","message":"[App] mytfare myt-fare-d7af469592.min.js","timestamp":"12:57:02"}
{"level":"error","message":"[App] mytjoin myt-join-8cff3d2f39.min.js","timestamp":"12:57:02"}
{"level":"error","message":"[App] product product-e5faf8d435.min.js","timestamp":"12:57:02"}
{"level":"error","message":"[App] testold testold-d442b6a124.min.js","timestamp":"12:57:02"}
{"level":"error","message":"[App] tevent tevent-2206ad10ef.min.js","timestamp":"12:57:02"}
{"level":"error","message":"[App] util util-80e18623e5.min.js","timestamp":"12:57:02"}
{"level":"error","message":"[App] benefit benefit-94915c69a8.min.js","timestamp":"15:32:45"}
{"level":"error","message":"[App] common common-14bf865b57.min.js","timestamp":"15:32:45"}
{"level":"error","message":"[App] style style-a509258cbd.min.css","timestamp":"15:32:45"}
{"level":"error","message":"[App] customer customer-8ad0acd71d.min.js","timestamp":"15:32:45"}
{"level":"error","message":"[App] script script-01c1568125.min.js","timestamp":"15:32:45"}
{"level":"error","message":"[App] main main-4804cee2da.min.js","timestamp":"15:32:45"}
{"level":"error","message":"[App] membership membership-b3a3defa3d.min.js","timestamp":"15:32:45"}
{"level":"error","message":"[App] mytdata myt-data-ed597ae95c.min.js","timestamp":"15:32:45"}
{"level":"error","message":"[App] mytfare myt-fare-d7af469592.min.js","timestamp":"15:32:45"}
{"level":"error","message":"[App] mytjoin myt-join-8cff3d2f39.min.js","timestamp":"15:32:45"}
{"level":"error","message":"[App] product product-e5faf8d435.min.js","timestamp":"15:32:45"}
{"level":"error","message":"[App] testold testold-d442b6a124.min.js","timestamp":"15:32:45"}
{"level":"error","message":"[App] tevent tevent-2206ad10ef.min.js","timestamp":"15:32:45"}
{"level":"error","message":"[App] util util-80e18623e5.min.js","timestamp":"15:32:45"}
{"level":"error","message":"[App] benefit benefit-94915c69a8.min.js","timestamp":"15:36:16"}
{"level":"error","message":"[App] common common-14bf865b57.min.js","timestamp":"15:36:16"}
{"level":"error","message":"[App] style style-a509258cbd.min.css","timestamp":"15:36:16"}
{"level":"error","message":"[App] customer customer-8ad0acd71d.min.js","timestamp":"15:36:16"}
{"level":"error","message":"[App] script script-01c1568125.min.js","timestamp":"15:36:16"}
{"level":"error","message":"[App] main main-4804cee2da.min.js","timestamp":"15:36:16"}
{"level":"error","message":"[App] membership membership-b3a3defa3d.min.js","timestamp":"15:36:16"}
{"level":"error","message":"[App] mytdata myt-data-ed597ae95c.min.js","timestamp":"15:36:16"}
{"level":"error","message":"[App] mytfare myt-fare-d7af469592.min.js","timestamp":"15:36:16"}
{"level":"error","message":"[App] mytjoin myt-join-8cff3d2f39.min.js","timestamp":"15:36:16"}
{"level":"error","message":"[App] product product-e5faf8d435.min.js","timestamp":"15:36:16"}
{"level":"error","message":"[App] testold testold-d442b6a124.min.js","timestamp":"15:36:16"}
{"level":"error","message":"[App] tevent tevent-2206ad10ef.min.js","timestamp":"15:36:16"}
{"level":"error","message":"[App] util util-80e18623e5.min.js","timestamp":"15:36:16"}
{"level":"error","message":"[App] benefit benefit-94915c69a8.min.js","timestamp":"15:36:34"}
{"level":"error","message":"[App] common common-14bf865b57.min.js","timestamp":"15:36:34"}
{"level":"error","message":"[App] style style-a509258cbd.min.css","timestamp":"15:36:34"}
{"level":"error","message":"[App] customer customer-8ad0acd71d.min.js","timestamp":"15:36:34"}
{"level":"error","message":"[App] script script-01c1568125.min.js","timestamp":"15:36:34"}
{"level":"error","message":"[App] main main-4804cee2da.min.js","timestamp":"15:36:34"}
{"level":"error","message":"[App] membership membership-b3a3defa3d.min.js","timestamp":"15:36:34"}
{"level":"error","message":"[App] mytdata myt-data-ed597ae95c.min.js","timestamp":"15:36:34"}
{"level":"error","message":"[App] mytfare myt-fare-d7af469592.min.js","timestamp":"15:36:34"}
{"level":"error","message":"[App] mytjoin myt-join-8cff3d2f39.min.js","timestamp":"15:36:34"}
{"level":"error","message":"[App] product product-e5faf8d435.min.js","timestamp":"15:36:34"}
{"level":"error","message":"[App] testold testold-d442b6a124.min.js","timestamp":"15:36:34"}
{"level":"error","message":"[App] tevent tevent-2206ad10ef.min.js","timestamp":"15:36:34"}
{"level":"error","message":"[App] util util-80e18623e5.min.js","timestamp":"15:36:34"}
{"code":"BFF0008","msg":"업무인증이 필요합니다.","result":{"authClCd":"P","mobileWeb":{"opAuthMethods":"S","optAuthMethods":"N"},"mobileApp":{"opAuthMethods":"S"}},"level":"error","message":"[ApiService] [API ERROR]","timestamp":"15:38:00"}
{"code":"BFF0008","msg":"업무인증이 필요합니다.","result":{"authClCd":"P","mobileWeb":{"opAuthMethods":"S","optAuthMethods":"N"},"mobileApp":{"opAuthMethods":"S"}},"level":"error","message":"[ApiService] [API ERROR]","timestamp":"15:38:58"}
{"code":"BFF0008","msg":"업무인증이 필요합니다.","result":{"authClCd":"P","mobileWeb":{"opAuthMethods":"S","optAuthMethods":"N"},"mobileApp":{"opAuthMethods":"S"}},"level":"error","message":"[ApiService] [API ERROR]","timestamp":"15:39:26"}
{"level":"error","message":"[App] benefit benefit-94915c69a8.min.js","timestamp":"15:50:29"}
{"level":"error","message":"[App] common common-14bf865b57.min.js","timestamp":"15:50:29"}
{"level":"error","message":"[App] style style-a509258cbd.min.css","timestamp":"15:50:29"}
{"level":"error","message":"[App] customer customer-8ad0acd71d.min.js","timestamp":"15:50:29"}
{"level":"error","message":"[App] script script-01c1568125.min.js","timestamp":"15:50:29"}
{"level":"error","message":"[App] main main-4804cee2da.min.js","timestamp":"15:50:29"}
{"level":"error","message":"[App] membership membership-b3a3defa3d.min.js","timestamp":"15:50:29"}
{"level":"error","message":"[App] mytdata myt-data-ed597ae95c.min.js","timestamp":"15:50:29"}
{"level":"error","message":"[App] mytfare myt-fare-d7af469592.min.js","timestamp":"15:50:29"}
{"level":"error","message":"[App] mytjoin myt-join-8cff3d2f39.min.js","timestamp":"15:50:29"}
{"level":"error","message":"[App] product product-e5faf8d435.min.js","timestamp":"15:50:29"}
{"level":"error","message":"[App] testold testold-d442b6a124.min.js","timestamp":"15:50:29"}
{"level":"error","message":"[App] tevent tevent-2206ad10ef.min.js","timestamp":"15:50:29"}
{"level":"error","message":"[App] util util-80e18623e5.min.js","timestamp":"15:50:29"}
